<?xml version="1.0" encoding="UTF-8"?>
<!-- Generated by org.testng.reporters.JUnitXMLReporter -->
<testsuite ignored="0" hostname="LAPTOP-7DB4GVKK" failures="0" tests="5" name="Test6" time="16.055" errors="0" timestamp="2022-09-06T20:01:48 IST">
  <testcase classname="com.demoQA.tests.Alert_Test" name="testAlert" time="0.13"/>
  <testcase classname="com.demoQA.tests.Alert_Test" name="testConfirmAlert" time="0.203"/>
  <testcase classname="com.demoQA.tests.Alert_Test" name="testPromptAlert" time="0.182"/>
  <testcase classname="com.demoQA.tests.Alert_Test" name="testTimerAlert" time="5.273"/>
  <testcase classname="com.demoQA.tests.Alert_Test" name="testTitle" time="0.038"/>
</testsuite> <!-- Test6 -->
