<?xml version="1.0" encoding="UTF-8"?>
<!-- Generated by org.testng.reporters.JUnitXMLReporter -->
<testsuite ignored="0" hostname="LAPTOP-7DB4GVKK" failures="0" tests="3" name="Test5" time="9.764" errors="0" timestamp="2022-09-06T20:01:32 IST">
  <testcase classname="com.demoQA.tests.Widgets_Test" name="getTitle" time="0.043"/>
  <testcase classname="com.demoQA.tests.Widgets_Test" name="getTitleOFDatepicker" time="0.11"/>
  <testcase classname="com.demoQA.tests.Widgets_Test" name="getTitleOFProgressBar" time="0.096"/>
</testsuite> <!-- Test5 -->
