<?xml version="1.0" encoding="UTF-8"?>
<!-- Generated by org.testng.reporters.JUnitXMLReporter -->
<testsuite ignored="0" hostname="LAPTOP-7DB4GVKK" failures="2" tests="4" name="Test14" time="22.158" errors="0" timestamp="2022-09-06T20:04:01 IST">
  <testcase classname="com.demoQA.tests.Datepicker_Test" name="verifyDate" time="0.084">
    <failure type="org.testng.internal.reflect.MethodMatcherException" message="
[public void com.demoQA.tests.Datepicker_Test.verifyDate(java.lang.String[]) throws java.lang.InterruptedException] has no parameters defined but was found to be using a data provider (either explicitly specified or inherited from class level annotation).
Data provider mismatch
Method: verifyDate([java.lang.String[] arg0])
Arguments: [(java.lang.Double) 2013.0,(java.lang.String) August,(java.lang.Double) 13.0]">
      <![CDATA[org.testng.internal.reflect.MethodMatcherException: 
[public void com.demoQA.tests.Datepicker_Test.verifyDate(java.lang.String[]) throws java.lang.InterruptedException] has no parameters defined but was found to be using a data provider (either explicitly specified or inherited from class level annotation).
Data provider mismatch
Method: verifyDate([java.lang.String[] arg0])
Arguments: [(java.lang.Double) 2013.0,(java.lang.String) August,(java.lang.Double) 13.0]
at java.base/java.util.ArrayList.forEach(ArrayList.java:1511)
... Removed 26 stack frames]]>
    </failure>
  </testcase> <!-- verifyDate -->
  <testcase classname="com.demoQA.tests.Datepicker_Test" name="verifyDateAndTime" time="3.671"/>
  <testcase classname="com.demoQA.tests.Datepicker_Test" name="verifyDateByPrevNextBtn" time="2.673">
    <failure type="java.lang.AssertionError" message="expected [08/15/2015] but found [08/20/2025]">
      <![CDATA[java.lang.AssertionError: expected [08/15/2015] but found [08/20/2025]
at com.demoQA.tests.Datepicker_Test.verifyDateByPrevNextBtn(Datepicker_Test.java:57)
at java.base/java.util.ArrayList.forEach(ArrayList.java:1511)
... Removed 35 stack frames]]>
    </failure>
  </testcase> <!-- verifyDateByPrevNextBtn -->
  <testcase classname="com.demoQA.tests.Datepicker_Test" name="verifyTitle" time="0.047"/>
</testsuite> <!-- Test14 -->
