<?xml version="1.0" encoding="UTF-8"?>
<!-- Generated by org.testng.reporters.JUnitXMLReporter -->
<testsuite ignored="0" hostname="LAPTOP-7DB4GVKK" failures="0" tests="3" name="Test1" time="36.215" errors="0" timestamp="2022-09-06T20:00:42 IST">
  <testcase classname="com.demoQA.tests.Element_Page_Test" name="testCheckBox" time="0.257"/>
  <testcase classname="com.demoQA.tests.Element_Page_Test" name="testRadioButtons" time="0.146"/>
  <testcase classname="com.demoQA.tests.Element_Page_Test" name="testTextBox" time="0.229"/>
</testsuite> <!-- Test1 -->
