<?xml version="1.0" encoding="UTF-8"?>
<!-- Generated by org.testng.reporters.JUnitXMLReporter -->
<testsuite ignored="0" hostname="LAPTOP-7DB4GVKK" failures="0" tests="3" name="Test3" time="8.957" errors="0" timestamp="2022-09-06T20:01:00 IST">
  <testcase classname="com.demoQA.tests.RadioButtons_Test" name="testHeaderTxt" time="0.052"/>
  <testcase classname="com.demoQA.tests.RadioButtons_Test" name="testImpressiveBtn" time="0.322"/>
  <testcase classname="com.demoQA.tests.RadioButtons_Test" name="testYesBtn" time="0.232"/>
</testsuite> <!-- Test3 -->
